d:\programfile\vsworks\pil\x64\debug\vc143.pdb
d:\programfile\vsworks\pil\x64\debug\vc143.idb
d:\programfile\vsworks\pil\x64\debug\testsm4gcm.obj
d:\programfile\vsworks\pil\x64\debug\utils.obj
d:\programfile\vsworks\pil\x64\debug\gmul_htable.obj
d:\programfile\vsworks\pil\x64\debug\gmul_common.obj
d:\programfile\vsworks\pil\x64\debug\ghash.obj
d:\programfile\vsworks\pil\x64\debug\gctr.obj
d:\programfile\vsworks\pil\x64\debug\gcm.obj
d:\programfile\vsworks\pil\x64\debug\sm4.obj
d:\programfile\vsworks\pil\x64\debug\sha.obj
d:\programfile\vsworks\pil\x64\debug\rsa.obj
d:\programfile\vsworks\pil\x64\debug\main.obj
d:\programfile\vsworks\pil\x64\debug\pil.ilk
d:\programfile\vsworks\pil\x64\debug\pil.exe
d:\programfile\vsworks\pil\x64\debug\pil.pdb
d:\programfile\vsworks\pil\x64\debug\pil.tlog\cl.command.1.tlog
d:\programfile\vsworks\pil\x64\debug\pil.tlog\cl.read.1.tlog
d:\programfile\vsworks\pil\x64\debug\pil.tlog\cl.write.1.tlog
d:\programfile\vsworks\pil\x64\debug\pil.tlog\link.command.1.tlog
d:\programfile\vsworks\pil\x64\debug\pil.tlog\link.read.1.tlog
d:\programfile\vsworks\pil\x64\debug\pil.tlog\link.write.1.tlog
